2022-11-28 22:29:02,383 - Starting DemoApplication using Java 19.0.1 on fuhaixudeMacBook-Pro.local with PID 8257 (/System/Volumes/Data/data0/www/java/own/passport-java/target/classes started by fuhaixu in /System/Volumes/Data/data0/www/java/own/passport-java)
2022-11-28 22:29:02,384 - No active profile set, falling back to 1 default profile: "default"
2022-11-28 22:29:02,657 - Multiple Spring Data modules found, entering strict repository configuration mode
2022-11-28 22:29:02,659 - Bootstrapping Spring Data Redis repositories in DEFAULT mode.
2022-11-28 22:29:02,672 - Finished Spring Data repository scanning in 4 ms. Found 0 Redis repository interfaces.
2022-11-28 22:29:02,977 - Tomcat initialized with port(s): 8888 (http)
2022-11-28 22:29:02,982 - Initializing ProtocolHandler ["http-nio-8888"]
2022-11-28 22:29:02,983 - Starting service [Tomcat]
2022-11-28 22:29:02,983 - Starting Servlet engine: [Apache Tomcat/9.0.68]
2022-11-28 22:29:03,032 - Initializing Spring embedded WebApplicationContext
2022-11-28 22:29:03,032 - Root WebApplicationContext: initialization completed in 629 ms
2022-11-28 22:29:25,242 - Starting ProtocolHandler ["http-nio-8888"]
2022-11-28 22:29:25,598 - Tomcat started on port(s): 8888 (http) with context path ''
2022-11-28 22:29:26,988 - Started DemoApplication in 24.823 seconds (JVM running for 25.837)
2022-11-28 22:29:28,651 - Initializing Spring DispatcherServlet 'dispatcherServlet'
2022-11-28 22:29:28,656 - Initializing Servlet 'dispatcherServlet'
2022-11-28 22:29:28,832 - Completed initialization in 172 ms
2022-11-28 23:31:05,537 - Starting DemoApplication using Java 19.0.1 on fuhaixudeMacBook-Pro.local with PID 13056 (/System/Volumes/Data/data0/www/java/own/passport-java/target/classes started by fuhaixu in /System/Volumes/Data/data0/www/java/own/passport-java)
2022-11-28 23:31:05,539 - No active profile set, falling back to 1 default profile: "default"
2022-11-28 23:31:05,820 - Multiple Spring Data modules found, entering strict repository configuration mode
2022-11-28 23:31:05,821 - Bootstrapping Spring Data Redis repositories in DEFAULT mode.
2022-11-28 23:31:05,832 - Finished Spring Data repository scanning in 4 ms. Found 0 Redis repository interfaces.
2022-11-28 23:31:06,111 - Tomcat initialized with port(s): 8888 (http)
2022-11-28 23:31:06,117 - Initializing ProtocolHandler ["http-nio-8888"]
2022-11-28 23:31:06,117 - Starting service [Tomcat]
2022-11-28 23:31:06,117 - Starting Servlet engine: [Apache Tomcat/9.0.68]
2022-11-28 23:31:06,162 - Initializing Spring embedded WebApplicationContext
2022-11-28 23:31:06,162 - Root WebApplicationContext: initialization completed in 605 ms
2022-11-28 23:31:28,768 - Starting ProtocolHandler ["http-nio-8888"]
2022-11-28 23:31:29,148 - Tomcat started on port(s): 8888 (http) with context path ''
2022-11-28 23:31:29,678 - Started DemoApplication in 24.338 seconds (JVM running for 24.707)
2022-11-28 23:31:55,838 - Initializing Spring DispatcherServlet 'dispatcherServlet'
2022-11-28 23:31:55,839 - Initializing Servlet 'dispatcherServlet'
2022-11-28 23:31:55,934 - Completed initialization in 93 ms
